[debug] [2017-10-04T14:01:48.718Z] ----------------------------------------------------------------------
[debug] [2017-10-04T14:01:48.718Z] Command:       C:\Program Files\nodejs\node.exe C:\Users\Hawk\AppData\Roaming\npm\node_modules\firebase-tools\bin\firebase deploy --only hosting
[debug] [2017-10-04T14:01:48.718Z] CLI Version:   3.13.0
[debug] [2017-10-04T14:01:48.718Z] Platform:      win32
[debug] [2017-10-04T14:01:48.718Z] Node Version:  v8.5.0
[debug] [2017-10-04T14:01:48.718Z] Time:          Wed Oct 04 2017 19:31:48 GMT+0530 (India Standard Time)
[debug] [2017-10-04T14:01:48.718Z] ----------------------------------------------------------------------
[debug] 
[debug] [2017-10-04T14:01:48.734Z] > command requires scopes: ["email","openid","https://www.googleapis.com/auth/cloudplatformprojects.readonly","https://www.googleapis.com/auth/firebase","https://www.googleapis.com/auth/cloud-platform"]
[debug] [2017-10-04T14:01:48.749Z] > authorizing via signed-in user
[debug] [2017-10-04T14:01:48.749Z] >>> HTTP REQUEST GET https://admin.firebase.com/v1/projects/hmisbfgi  
 Wed Oct 04 2017 19:31:48 GMT+0530 (India Standard Time)
[debug] [2017-10-04T14:01:50.203Z] <<< HTTP RESPONSE 200
[debug] [2017-10-04T14:01:50.203Z] >>> HTTP REQUEST GET https://admin.firebase.com/v1/database/hmisbfgi/tokens  
 Wed Oct 04 2017 19:31:50 GMT+0530 (India Standard Time)
[debug] [2017-10-04T14:01:51.703Z] <<< HTTP RESPONSE 200
[info] 1
[info] 
[info] === Deploying to 'hmisbfgi'...
[info] 
[info] i  deploying hosting
[info] i  hosting: preparing dist directory for upload...
[debug] [2017-10-04T14:01:54.782Z] >>> HTTP REQUEST PUT https://deploy.firebase.com/v1/hosting/hmisbfgi/uploads/-KvbgLsDEalWcUl-sCR7?fileCount=13&message=  
 Wed Oct 04 2017 19:31:54 GMT+0530 (India Standard Time)
